[38;5;112m[Appium][0m Welcome to Appium v3.3.1
[38;5;112m[Appium][0m Non-default server args:
[38;5;112m[Appium][0m { basePath: [32m'/wd/hub'[39m, loglevel: [32m'info'[39m, port: [33m49606[39m }
[38;5;112m[Appium][0m Attempting to load driver uiautomator2...
[38;5;112m[Appium][0m Appium REST http interface listener started on http://0.0.0.0:49606/wd/hub
[38;5;112m[Appium][0m You can provide the following URLs in your client code to connect to this server:
	http://127.0.0.1:49606/wd/hub (only accessible from the same host)
	http://192.168.1.2:49606/wd/hub
[38;5;112m[Appium][0m Available drivers:
[38;5;112m[Appium][0m   - uiautomator2@2.45.1 (automationName 'UiAutomator2')
[38;5;112m[Appium][0m No plugins have been installed. Use the "appium plugin" command to install the one(s) you want to use.
[38;5;86m[HTTP][0m [37m-->[39m [37mGET[39m [37m/wd/hub/status[39m 
[38;5;86m[HTTP][0m <-- GET /wd/hub/status 200 5 ms - 110
[38;5;86m[HTTP][0m [37m-->[39m [37mGET[39m [37m/wd/hub/status[39m 
[38;5;86m[HTTP][0m <-- GET /wd/hub/status 200 1 ms - 110
[38;5;86m[HTTP][0m [37m-->[39m [37mPOST[39m [37m/wd/hub/session[39m {"capabilities":{"firstMatch":[{"appium:androidInstallTimeout":180000,"appium:app":"/Users/fadlina/Downloads/Todo_2.0_APKPure (1).apk","appium:autoGrantPermissions":true,"appium:automationName":"uiautomator2","appium:deviceId":"31d7686f","appium:deviceName":"Xiaomi Redmi Note 8 (Android 9)","appium:fullReset":false,"appium:newCommandTimeout":1800,"appium:noReset":true,"appium:platformName":"ANDROID","appium:platformVersion":"9","appium:systemPort":49622,"appium:udid":"31d7686f","platformName":"ANDROID"}]},"desiredCapabilities":{"appium:androidInstallTimeout":180000,"appium:app":"/Users/fadlina/Downloads/Todo_2.0_APKPure (1).apk","appium:autoGrantPermissions":true,"appium:automationName":"uiautomator2","appium:deviceId":"31d7686f","appium:deviceName":"Xiaomi Redmi Note 8 (Android 9)","appium:fullReset":false,"appium:newCommandTimeout":1800,"appium:noReset":true,"appium:platformName":"ANDROID","appium:platformVersion":"9","appium:systemPort":49622,"appium:udid":"31d7686f"}}
[38;5;123m[BaseDriver][0m The following arguments are not known and will be ignored: desiredCapabilities
[38;5;123m[BaseDriver][0m Ignoring capability 'appium:platformName=ANDROID' and using capability 'platformName=ANDROID'
[38;5;123m[BaseDriver][0m The capabilities ["platformName"] are standard capabilities and do not require "appium:" prefix
[38;5;112m[Appium][0m Attempting to find matching driver for automationName 'uiautomator2' and platformName 'ANDROID'
[38;5;112m[Appium][0m The 'uiautomator2' driver was installed and matched caps.
[38;5;112m[Appium][0m Will require it at /Users/fadlina/.appium/node_modules/appium-uiautomator2-driver
[38;5;141m[AppiumDriver@7420][0m Appium v3.3.1 creating new AndroidUiautomator2Driver (v2.45.1) session
[38;5;141m[AppiumDriver@7420][0m Checking BaseDriver versions for Appium and AndroidUiautomator2Driver
[38;5;141m[AppiumDriver@7420][0m Appium's BaseDriver version is 10.4.0
[38;5;141m[AppiumDriver@7420][0m AndroidUiautomator2Driver's BaseDriver version is 9.5.1
[38;5;-125m[AndroidUiautomator2Driver@540a][0m The following provided capabilities were not recognized by this driver:
[38;5;-125m[AndroidUiautomator2Driver@540a][0m   deviceId
[38;5;27m[AndroidUiautomator2Driver@540a (4b91019c)][0m Session created with session id: 4b91019c-b94f-4d37-90dd-a021fae66121
[38;5;229m[ADB][0m Found 1 'build-tools' folders under '/Users/fadlina/.katalon/tools/android_sdk' (newest first):
[38;5;229m[ADB][0m     /Users/fadlina/.katalon/tools/android_sdk/build-tools/29.0.3
[38;5;229m[ADB][0m Using 'adb' from '/Users/fadlina/.katalon/tools/android_sdk/platform-tools/adb'
[38;5;27m[AndroidUiautomator2Driver@540a (4b91019c)][0m Retrieving device list
[38;5;27m[AndroidUiautomator2Driver@540a (4b91019c)][0m Using device: 31d7686f
[38;5;229m[ADB][0m Using 'adb' from '/Users/fadlina/.katalon/tools/android_sdk/platform-tools/adb'
[38;5;123m[BaseDriver][0m Using local app '/Users/fadlina/Downloads/Todo_2.0_APKPure (1).apk'
[38;5;229m[ADB][0m Getting device platform version
[38;5;27m[AndroidUiautomator2Driver@540a (4b91019c)][0m Relaxing hidden api policy
[38;5;229m[ADB][0m Package name: 'com.avinashproduct.todo'
[38;5;229m[ADB][0m Main activity name: 'com.avinashproduct.todo.SplashScreenActivity'
[38;5;229m[ADB][0m Using 'apksigner.jar' from '/Users/fadlina/.katalon/tools/android_sdk/build-tools/29.0.3/lib/apksigner.jar'
[38;5;229m[ADB][0m '/Users/fadlina/.appium/node_modules/appium-uiautomator2-driver/node_modules/appium-uiautomator2-server/apks/appium-uiautomator2-server-debug-androidTest.apk' is signed with the default certificate
[38;5;229m[ADB][0m '/Users/fadlina/Downloads/Todo_2.0_APKPure (1).apk' is signed with a non-default certificate
[38;5;229m[ADB][0m '/Users/fadlina/.appium/node_modules/appium-uiautomator2-driver/node_modules/appium-uiautomator2-server/apks/appium-uiautomator2-server-v6.0.9.apk' is signed with the default certificate
[38;5;27m[AndroidUiautomator2Driver@540a (4b91019c)][0m Server packages are not going to be (re)installed
[38;5;229m[ADB][0m Adding packages ["io.appium.settings","io.appium.uiautomator2.server","io.appium.uiautomator2.server.test"] to Doze whitelist
[38;5;27m[AndroidUiautomator2Driver@540a (4b91019c)][0m Starting UIAutomator2 server 6.0.9
[38;5;27m[AndroidUiautomator2Driver@540a (4b91019c)][0m Using UIAutomator2 server from '/Users/fadlina/.appium/node_modules/appium-uiautomator2-driver/node_modules/appium-uiautomator2-server/apks/appium-uiautomator2-server-v6.0.9.apk' and test from '/Users/fadlina/.appium/node_modules/appium-uiautomator2-driver/node_modules/appium-uiautomator2-server/apks/appium-uiautomator2-server-debug-androidTest.apk'
[38;5;27m[AndroidUiautomator2Driver@540a (4b91019c)][0m Waiting up to 30000ms for UiAutomator2 to be online...
[38;5;27m[AndroidUiautomator2Driver@540a (4b91019c)][0m socket hang up
[38;5;27m[AndroidUiautomator2Driver@540a (4b91019c)][0m socket hang up
[38;5;27m[AndroidUiautomator2Driver@540a (4b91019c)][0m socket hang up
[38;5;27m[AndroidUiautomator2Driver@540a (4b91019c)][0m socket hang up
[38;5;27m[AndroidUiautomator2Driver@540a (4b91019c)][0m socket hang up
[38;5;27m[AndroidUiautomator2Driver@540a (4b91019c)][0m Determined the downstream protocol as 'W3C'
[38;5;27m[AndroidUiautomator2Driver@540a (4b91019c)][0m Screen already unlocked, doing nothing
[38;5;27m[AndroidUiautomator2Driver@540a (4b91019c)][0m Starting 'com.avinashproduct.todo/com.avinashproduct.todo.SplashScreenActivity and waiting for 'com.avinashproduct.todo/com.avinashproduct.todo.SplashScreenActivity'
[38;5;27m[AndroidUiautomator2Driver@540a (4b91019c)][0m Restoring hidden api policy to the device default configuration
[38;5;86m[HTTP][0m <-- POST /wd/hub/session 500 9203 ms - 2476
